01-16 20:29:03 com_github_MitjaNemec_Archive3DModels.action_archive_3d_models 220:Plugin executed on: 'win32'
01-16 20:29:03 com_github_MitjaNemec_Archive3DModels.action_archive_3d_models 221:Plugin executed with python version: '3.9.14 (main, Feb 13 2023, 04:48:26) [MSC v.1934 64 bit (AMD64)]'
01-16 20:29:03 com_github_MitjaNemec_Archive3DModels.action_archive_3d_models 222:KiCad build version: 7.0.1
01-16 20:29:03 com_github_MitjaNemec_Archive3DModels.action_archive_3d_models 223:Plugin version: 1.0.10

01-16 20:29:03 com_github_MitjaNemec_Archive3DModels.action_archive_3d_models 228:Screen sizes: [wx.Size(1920, 1080), wx.Size(1920, 1080), wx.Size(1920, 1080)]
01-16 20:29:03 com_github_MitjaNemec_Archive3DModels.action_archive_3d_models 235:Dialog size: wx.Size(213, 81)
01-16 20:29:03 com_github_MitjaNemec_Archive3DModels.action_archive_3d_models 237:Char size: 15
01-16 20:29:04 com_github_MitjaNemec_Archive3DModels.archive_3d_models 24:Starting to archive 3D models
01-16 20:29:04 com_github_MitjaNemec_Archive3DModels.archive_3d_models 45:Getting 3D models for footprint of: R5
01-16 20:29:04 com_github_MitjaNemec_Archive3DModels.archive_3d_models 56:Trying to copy: ${KICAD6_3DMODEL_DIR}/Resistor_SMD.3dshapes/R_0603_1608Metric.wrl
01-16 20:29:04 com_github_MitjaNemec_Archive3DModels.archive_3d_models 136:Remapping: ${KICAD6_3DMODEL_DIR}/Resistor_SMD.3dshapes/R_0603_1608Metric.wrl
01-16 20:29:04 com_github_MitjaNemec_Archive3DModels.archive_3d_models 45:Getting 3D models for footprint of: IC1
01-16 20:29:04 com_github_MitjaNemec_Archive3DModels.archive_3d_models 56:Trying to copy: D:\#Git Hub Repos\Footprints Library\SamacSys_PCB_Library_2\KiCad\SamacSys_Parts.3dshapes\RT6285GSP.stp
01-16 20:29:04 com_github_MitjaNemec_Archive3DModels.archive_3d_models 136:Remapping: D:\#Git Hub Repos\Footprints Library\SamacSys_PCB_Library_2\KiCad\SamacSys_Parts.3dshapes\RT6285GSP.stp
01-16 20:29:04 com_github_MitjaNemec_Archive3DModels.archive_3d_models 45:Getting 3D models for footprint of: R12
01-16 20:29:04 com_github_MitjaNemec_Archive3DModels.archive_3d_models 56:Trying to copy: ${KICAD6_3DMODEL_DIR}/Resistor_SMD.3dshapes/R_0603_1608Metric.wrl
01-16 20:29:04 com_github_MitjaNemec_Archive3DModels.archive_3d_models 136:Remapping: ${KICAD6_3DMODEL_DIR}/Resistor_SMD.3dshapes/R_0603_1608Metric.wrl
01-16 20:29:04 com_github_MitjaNemec_Archive3DModels.archive_3d_models 45:Getting 3D models for footprint of: U2
01-16 20:29:04 com_github_MitjaNemec_Archive3DModels.archive_3d_models 56:Trying to copy: ${KICAD_USER_LIB}/3D Shapes/Fuse.3dshapes/fuse 5x20 step.STEP
01-16 20:29:05 com_github_MitjaNemec_Archive3DModels.archive_3d_models 136:Remapping: ${KICAD_USER_LIB}/3D Shapes/Fuse.3dshapes/fuse 5x20 step.STEP
01-16 20:29:05 com_github_MitjaNemec_Archive3DModels.archive_3d_models 56:Trying to copy: ${KIPRJMOD}/packages3D/fuse 5x20 step.STEP
01-16 20:29:05 com_github_MitjaNemec_Archive3DModels.archive_3d_models 136:Remapping: ${KIPRJMOD}/packages3D/fuse 5x20 step.STEP
01-16 20:29:05 com_github_MitjaNemec_Archive3DModels.archive_3d_models 45:Getting 3D models for footprint of: J8
01-16 20:29:05 com_github_MitjaNemec_Archive3DModels.archive_3d_models 56:Trying to copy: ${KICAD6_3DMODEL_DIR}/Connector_PinHeader_2.54mm.3dshapes/PinHeader_1x03_P2.54mm_Vertical.wrl
01-16 20:29:05 com_github_MitjaNemec_Archive3DModels.archive_3d_models 136:Remapping: ${KICAD6_3DMODEL_DIR}/Connector_PinHeader_2.54mm.3dshapes/PinHeader_1x03_P2.54mm_Vertical.wrl
01-16 20:29:05 com_github_MitjaNemec_Archive3DModels.archive_3d_models 45:Getting 3D models for footprint of: J3
01-16 20:29:05 com_github_MitjaNemec_Archive3DModels.archive_3d_models 56:Trying to copy: ${KICAD_USER_LIB}/3D Shapes/Connectors.3dshapes/Screw Terminal 5.08mm & 5mm/DG127-5.0_5.08-xxp-14-00H/STEP/DG127-5.08-xxP (pitch 5.08mm)/DG127-5.08-02P-4Y-00AH.STEP
01-16 20:29:05 com_github_MitjaNemec_Archive3DModels.archive_3d_models 136:Remapping: ${KICAD_USER_LIB}/3D Shapes/Connectors.3dshapes/Screw Terminal 5.08mm & 5mm/DG127-5.0_5.08-xxp-14-00H/STEP/DG127-5.08-xxP (pitch 5.08mm)/DG127-5.08-02P-4Y-00AH.STEP
01-16 20:29:05 com_github_MitjaNemec_Archive3DModels.archive_3d_models 45:Getting 3D models for footprint of: H1
01-16 20:29:05 com_github_MitjaNemec_Archive3DModels.archive_3d_models 45:Getting 3D models for footprint of: C8
01-16 20:29:05 com_github_MitjaNemec_Archive3DModels.archive_3d_models 56:Trying to copy: ${KICAD6_3DMODEL_DIR}/Capacitor_SMD.3dshapes/C_0603_1608Metric.wrl
01-16 20:29:05 com_github_MitjaNemec_Archive3DModels.archive_3d_models 136:Remapping: ${KICAD6_3DMODEL_DIR}/Capacitor_SMD.3dshapes/C_0603_1608Metric.wrl
01-16 20:29:05 com_github_MitjaNemec_Archive3DModels.archive_3d_models 45:Getting 3D models for footprint of: D5
01-16 20:29:05 com_github_MitjaNemec_Archive3DModels.archive_3d_models 56:Trying to copy: ${KICAD6_3DMODEL_DIR}/LED_SMD.3dshapes/LED_0603_1608Metric.wrl
01-16 20:29:05 com_github_MitjaNemec_Archive3DModels.archive_3d_models 136:Remapping: ${KICAD6_3DMODEL_DIR}/LED_SMD.3dshapes/LED_0603_1608Metric.wrl
01-16 20:29:05 com_github_MitjaNemec_Archive3DModels.archive_3d_models 45:Getting 3D models for footprint of: R3
01-16 20:29:05 com_github_MitjaNemec_Archive3DModels.archive_3d_models 56:Trying to copy: ${KICAD6_3DMODEL_DIR}/Resistor_SMD.3dshapes/R_0603_1608Metric.wrl
01-16 20:29:05 com_github_MitjaNemec_Archive3DModels.archive_3d_models 136:Remapping: ${KICAD6_3DMODEL_DIR}/Resistor_SMD.3dshapes/R_0603_1608Metric.wrl
01-16 20:29:05 com_github_MitjaNemec_Archive3DModels.archive_3d_models 45:Getting 3D models for footprint of: D1
01-16 20:29:05 com_github_MitjaNemec_Archive3DModels.archive_3d_models 56:Trying to copy: D:\#Git Hub Repos\Footprints Library\SamacSys_PCB_Library_2\KiCad\SamacSys_Parts.3dshapes\B550C-13-F.stp
01-16 20:29:05 com_github_MitjaNemec_Archive3DModels.archive_3d_models 136:Remapping: D:\#Git Hub Repos\Footprints Library\SamacSys_PCB_Library_2\KiCad\SamacSys_Parts.3dshapes\B550C-13-F.stp
01-16 20:29:05 com_github_MitjaNemec_Archive3DModels.archive_3d_models 45:Getting 3D models for footprint of: J2
01-16 20:29:05 com_github_MitjaNemec_Archive3DModels.archive_3d_models 56:Trying to copy: ${KICAD_USER_LIB}/3D Shapes/Connectors.3dshapes/Screw Terminal 5.08mm & 5mm/DG127-5.0_5.08-xxp-14-00H/STEP/DG127-5.08-xxP (pitch 5.08mm)/DG127-5.08-02P-4Y-00AH.STEP
01-16 20:29:05 com_github_MitjaNemec_Archive3DModels.archive_3d_models 136:Remapping: ${KICAD_USER_LIB}/3D Shapes/Connectors.3dshapes/Screw Terminal 5.08mm & 5mm/DG127-5.0_5.08-xxp-14-00H/STEP/DG127-5.08-xxP (pitch 5.08mm)/DG127-5.08-02P-4Y-00AH.STEP
01-16 20:29:05 com_github_MitjaNemec_Archive3DModels.archive_3d_models 45:Getting 3D models for footprint of: J9
01-16 20:29:05 com_github_MitjaNemec_Archive3DModels.archive_3d_models 56:Trying to copy: ${KICAD6_3DMODEL_DIR}/Connector_PinHeader_2.54mm.3dshapes/PinHeader_1x02_P2.54mm_Vertical.wrl
01-16 20:29:05 com_github_MitjaNemec_Archive3DModels.archive_3d_models 136:Remapping: ${KICAD6_3DMODEL_DIR}/Connector_PinHeader_2.54mm.3dshapes/PinHeader_1x02_P2.54mm_Vertical.wrl
01-16 20:29:05 com_github_MitjaNemec_Archive3DModels.archive_3d_models 45:Getting 3D models for footprint of: C14
01-16 20:29:05 com_github_MitjaNemec_Archive3DModels.archive_3d_models 56:Trying to copy: ${KICAD6_3DMODEL_DIR}/Capacitor_SMD.3dshapes/C_0805_2012Metric.wrl
01-16 20:29:05 com_github_MitjaNemec_Archive3DModels.archive_3d_models 136:Remapping: ${KICAD6_3DMODEL_DIR}/Capacitor_SMD.3dshapes/C_0805_2012Metric.wrl
01-16 20:29:05 com_github_MitjaNemec_Archive3DModels.archive_3d_models 45:Getting 3D models for footprint of: R11
01-16 20:29:05 com_github_MitjaNemec_Archive3DModels.archive_3d_models 56:Trying to copy: ${KICAD6_3DMODEL_DIR}/Resistor_SMD.3dshapes/R_0603_1608Metric.wrl
01-16 20:29:05 com_github_MitjaNemec_Archive3DModels.archive_3d_models 136:Remapping: ${KICAD6_3DMODEL_DIR}/Resistor_SMD.3dshapes/R_0603_1608Metric.wrl
01-16 20:29:05 com_github_MitjaNemec_Archive3DModels.archive_3d_models 45:Getting 3D models for footprint of: R14
01-16 20:29:05 com_github_MitjaNemec_Archive3DModels.archive_3d_models 56:Trying to copy: ${KICAD6_3DMODEL_DIR}/Resistor_SMD.3dshapes/R_0603_1608Metric.wrl
01-16 20:29:05 com_github_MitjaNemec_Archive3DModels.archive_3d_models 136:Remapping: ${KICAD6_3DMODEL_DIR}/Resistor_SMD.3dshapes/R_0603_1608Metric.wrl
01-16 20:29:05 com_github_MitjaNemec_Archive3DModels.archive_3d_models 45:Getting 3D models for footprint of: C13
01-16 20:29:05 com_github_MitjaNemec_Archive3DModels.archive_3d_models 56:Trying to copy: ${KICAD6_3DMODEL_DIR}/Capacitor_SMD.3dshapes/C_0805_2012Metric.wrl
01-16 20:29:05 com_github_MitjaNemec_Archive3DModels.archive_3d_models 136:Remapping: ${KICAD6_3DMODEL_DIR}/Capacitor_SMD.3dshapes/C_0805_2012Metric.wrl
01-16 20:29:05 com_github_MitjaNemec_Archive3DModels.archive_3d_models 45:Getting 3D models for footprint of: J6
01-16 20:29:05 com_github_MitjaNemec_Archive3DModels.archive_3d_models 56:Trying to copy: ${KICAD_USER_LIB}/3D Shapes/Connectors.3dshapes/Screw Terminal 5.08mm & 5mm/DG127-5.0_5.08-xxp-14-00H/STEP/DG127-5.08-xxP (pitch 5.08mm)/DG127-5.08-02P-4Y-00AH.STEP
01-16 20:29:05 com_github_MitjaNemec_Archive3DModels.archive_3d_models 136:Remapping: ${KICAD_USER_LIB}/3D Shapes/Connectors.3dshapes/Screw Terminal 5.08mm & 5mm/DG127-5.0_5.08-xxp-14-00H/STEP/DG127-5.08-xxP (pitch 5.08mm)/DG127-5.08-02P-4Y-00AH.STEP
01-16 20:29:05 com_github_MitjaNemec_Archive3DModels.archive_3d_models 45:Getting 3D models for footprint of: R1
01-16 20:29:05 com_github_MitjaNemec_Archive3DModels.archive_3d_models 56:Trying to copy: ${KICAD6_3DMODEL_DIR}/Resistor_SMD.3dshapes/R_0603_1608Metric.wrl
01-16 20:29:05 com_github_MitjaNemec_Archive3DModels.archive_3d_models 136:Remapping: ${KICAD6_3DMODEL_DIR}/Resistor_SMD.3dshapes/R_0603_1608Metric.wrl
01-16 20:29:05 com_github_MitjaNemec_Archive3DModels.archive_3d_models 45:Getting 3D models for footprint of: C4
01-16 20:29:05 com_github_MitjaNemec_Archive3DModels.archive_3d_models 56:Trying to copy: ${KICAD6_3DMODEL_DIR}/Capacitor_SMD.3dshapes/C_0603_1608Metric.wrl
01-16 20:29:05 com_github_MitjaNemec_Archive3DModels.archive_3d_models 136:Remapping: ${KICAD6_3DMODEL_DIR}/Capacitor_SMD.3dshapes/C_0603_1608Metric.wrl
01-16 20:29:05 com_github_MitjaNemec_Archive3DModels.archive_3d_models 45:Getting 3D models for footprint of: J1
01-16 20:29:05 com_github_MitjaNemec_Archive3DModels.archive_3d_models 56:Trying to copy: ${KICAD_USER_LIB}/3D Shapes/Connectors.3dshapes/Screw Terminal Block/2 port c-1437667-6-j-3d colored.stp
01-16 20:29:05 com_github_MitjaNemec_Archive3DModels.archive_3d_models 136:Remapping: ${KICAD_USER_LIB}/3D Shapes/Connectors.3dshapes/Screw Terminal Block/2 port c-1437667-6-j-3d colored.stp
01-16 20:29:05 com_github_MitjaNemec_Archive3DModels.archive_3d_models 45:Getting 3D models for footprint of: C15
01-16 20:29:05 com_github_MitjaNemec_Archive3DModels.archive_3d_models 56:Trying to copy: ${KICAD6_3DMODEL_DIR}/Capacitor_SMD.3dshapes/C_0603_1608Metric.wrl
01-16 20:29:05 com_github_MitjaNemec_Archive3DModels.archive_3d_models 136:Remapping: ${KICAD6_3DMODEL_DIR}/Capacitor_SMD.3dshapes/C_0603_1608Metric.wrl
01-16 20:29:05 com_github_MitjaNemec_Archive3DModels.archive_3d_models 45:Getting 3D models for footprint of: IC2
01-16 20:29:05 com_github_MitjaNemec_Archive3DModels.archive_3d_models 56:Trying to copy: D:\#Git Hub Repos\Footprints Library\SamacSys_PCB_Library_2\KiCad\SamacSys_Parts.3dshapes\RT6285GSP.stp
01-16 20:29:05 com_github_MitjaNemec_Archive3DModels.archive_3d_models 136:Remapping: D:\#Git Hub Repos\Footprints Library\SamacSys_PCB_Library_2\KiCad\SamacSys_Parts.3dshapes\RT6285GSP.stp
01-16 20:29:05 com_github_MitjaNemec_Archive3DModels.archive_3d_models 45:Getting 3D models for footprint of: C6
01-16 20:29:05 com_github_MitjaNemec_Archive3DModels.archive_3d_models 56:Trying to copy: ${KICAD6_3DMODEL_DIR}/Capacitor_SMD.3dshapes/C_0805_2012Metric.wrl
01-16 20:29:05 com_github_MitjaNemec_Archive3DModels.archive_3d_models 136:Remapping: ${KICAD6_3DMODEL_DIR}/Capacitor_SMD.3dshapes/C_0805_2012Metric.wrl
01-16 20:29:05 com_github_MitjaNemec_Archive3DModels.archive_3d_models 45:Getting 3D models for footprint of: J7
01-16 20:29:05 com_github_MitjaNemec_Archive3DModels.archive_3d_models 56:Trying to copy: ${KICAD_USER_LIB}/3D Shapes/Connectors.3dshapes/Screw Terminal 5.08mm & 5mm/DG127-5.0_5.08-xxp-14-00H/STEP/DG127-5.08-xxP (pitch 5.08mm)/DG127-5.08-02P-4Y-00AH.STEP
01-16 20:29:05 com_github_MitjaNemec_Archive3DModels.archive_3d_models 136:Remapping: ${KICAD_USER_LIB}/3D Shapes/Connectors.3dshapes/Screw Terminal 5.08mm & 5mm/DG127-5.0_5.08-xxp-14-00H/STEP/DG127-5.08-xxP (pitch 5.08mm)/DG127-5.08-02P-4Y-00AH.STEP
01-16 20:29:05 com_github_MitjaNemec_Archive3DModels.archive_3d_models 45:Getting 3D models for footprint of: D2
01-16 20:29:05 com_github_MitjaNemec_Archive3DModels.archive_3d_models 56:Trying to copy: D:\#Git Hub Repos\Footprints Library\SamacSys_PCB_Library_2\KiCad\SamacSys_Parts.3dshapes\B550C-13-F.stp
01-16 20:29:05 com_github_MitjaNemec_Archive3DModels.archive_3d_models 136:Remapping: D:\#Git Hub Repos\Footprints Library\SamacSys_PCB_Library_2\KiCad\SamacSys_Parts.3dshapes\B550C-13-F.stp
01-16 20:29:05 com_github_MitjaNemec_Archive3DModels.archive_3d_models 45:Getting 3D models for footprint of: J5
01-16 20:29:05 com_github_MitjaNemec_Archive3DModels.archive_3d_models 56:Trying to copy: ${KICAD_USER_LIB}/3D Shapes/Connectors.3dshapes/Screw Terminal 5.08mm & 5mm/DG127-5.0_5.08-xxp-14-00H/STEP/DG127-5.08-xxP (pitch 5.08mm)/DG127-5.08-02P-4Y-00AH.STEP
01-16 20:29:06 com_github_MitjaNemec_Archive3DModels.archive_3d_models 136:Remapping: ${KICAD_USER_LIB}/3D Shapes/Connectors.3dshapes/Screw Terminal 5.08mm & 5mm/DG127-5.0_5.08-xxp-14-00H/STEP/DG127-5.08-xxP (pitch 5.08mm)/DG127-5.08-02P-4Y-00AH.STEP
01-16 20:29:06 com_github_MitjaNemec_Archive3DModels.archive_3d_models 45:Getting 3D models for footprint of: C12
01-16 20:29:06 com_github_MitjaNemec_Archive3DModels.archive_3d_models 56:Trying to copy: ${KICAD6_3DMODEL_DIR}/Capacitor_SMD.3dshapes/C_0603_1608Metric.wrl
01-16 20:29:06 com_github_MitjaNemec_Archive3DModels.archive_3d_models 136:Remapping: ${KICAD6_3DMODEL_DIR}/Capacitor_SMD.3dshapes/C_0603_1608Metric.wrl
01-16 20:29:06 com_github_MitjaNemec_Archive3DModels.archive_3d_models 45:Getting 3D models for footprint of: C16
01-16 20:29:06 com_github_MitjaNemec_Archive3DModels.archive_3d_models 56:Trying to copy: ${KICAD6_3DMODEL_DIR}/Capacitor_SMD.3dshapes/C_0603_1608Metric.wrl
01-16 20:29:06 com_github_MitjaNemec_Archive3DModels.archive_3d_models 136:Remapping: ${KICAD6_3DMODEL_DIR}/Capacitor_SMD.3dshapes/C_0603_1608Metric.wrl
01-16 20:29:06 com_github_MitjaNemec_Archive3DModels.archive_3d_models 45:Getting 3D models for footprint of: H3
01-16 20:29:06 com_github_MitjaNemec_Archive3DModels.archive_3d_models 45:Getting 3D models for footprint of: C9
01-16 20:29:06 com_github_MitjaNemec_Archive3DModels.archive_3d_models 56:Trying to copy: ${KICAD6_3DMODEL_DIR}/Capacitor_SMD.3dshapes/C_0603_1608Metric.wrl
01-16 20:29:06 com_github_MitjaNemec_Archive3DModels.archive_3d_models 136:Remapping: ${KICAD6_3DMODEL_DIR}/Capacitor_SMD.3dshapes/C_0603_1608Metric.wrl
01-16 20:29:06 com_github_MitjaNemec_Archive3DModels.archive_3d_models 45:Getting 3D models for footprint of: H4
01-16 20:29:06 com_github_MitjaNemec_Archive3DModels.archive_3d_models 45:Getting 3D models for footprint of: D9
01-16 20:29:06 com_github_MitjaNemec_Archive3DModels.archive_3d_models 56:Trying to copy: ${KICAD6_3DMODEL_DIR}/LED_SMD.3dshapes/LED_0603_1608Metric.wrl
01-16 20:29:06 com_github_MitjaNemec_Archive3DModels.archive_3d_models 136:Remapping: ${KICAD6_3DMODEL_DIR}/LED_SMD.3dshapes/LED_0603_1608Metric.wrl
01-16 20:29:06 com_github_MitjaNemec_Archive3DModels.archive_3d_models 45:Getting 3D models for footprint of: R7
01-16 20:29:06 com_github_MitjaNemec_Archive3DModels.archive_3d_models 56:Trying to copy: ${KICAD6_3DMODEL_DIR}/Resistor_SMD.3dshapes/R_0603_1608Metric.wrl
01-16 20:29:06 com_github_MitjaNemec_Archive3DModels.archive_3d_models 136:Remapping: ${KICAD6_3DMODEL_DIR}/Resistor_SMD.3dshapes/R_0603_1608Metric.wrl
01-16 20:29:06 com_github_MitjaNemec_Archive3DModels.archive_3d_models 45:Getting 3D models for footprint of: D7
01-16 20:29:06 com_github_MitjaNemec_Archive3DModels.archive_3d_models 56:Trying to copy: ${KICAD6_3DMODEL_DIR}/LED_SMD.3dshapes/LED_0603_1608Metric.wrl
01-16 20:29:06 com_github_MitjaNemec_Archive3DModels.archive_3d_models 136:Remapping: ${KICAD6_3DMODEL_DIR}/LED_SMD.3dshapes/LED_0603_1608Metric.wrl
01-16 20:29:06 com_github_MitjaNemec_Archive3DModels.archive_3d_models 45:Getting 3D models for footprint of: R8
01-16 20:29:06 com_github_MitjaNemec_Archive3DModels.archive_3d_models 56:Trying to copy: ${KICAD6_3DMODEL_DIR}/Resistor_SMD.3dshapes/R_0603_1608Metric.wrl
01-16 20:29:06 com_github_MitjaNemec_Archive3DModels.archive_3d_models 136:Remapping: ${KICAD6_3DMODEL_DIR}/Resistor_SMD.3dshapes/R_0603_1608Metric.wrl
01-16 20:29:06 com_github_MitjaNemec_Archive3DModels.archive_3d_models 45:Getting 3D models for footprint of: C2
01-16 20:29:06 com_github_MitjaNemec_Archive3DModels.archive_3d_models 56:Trying to copy: ${KICAD6_3DMODEL_DIR}/Capacitor_SMD.3dshapes/C_0603_1608Metric.wrl
01-16 20:29:06 com_github_MitjaNemec_Archive3DModels.archive_3d_models 136:Remapping: ${KICAD6_3DMODEL_DIR}/Capacitor_SMD.3dshapes/C_0603_1608Metric.wrl
01-16 20:29:06 com_github_MitjaNemec_Archive3DModels.archive_3d_models 45:Getting 3D models for footprint of: C11
01-16 20:29:06 com_github_MitjaNemec_Archive3DModels.archive_3d_models 56:Trying to copy: ${KICAD6_3DMODEL_DIR}/Capacitor_SMD.3dshapes/C_0603_1608Metric.wrl
01-16 20:29:06 com_github_MitjaNemec_Archive3DModels.archive_3d_models 136:Remapping: ${KICAD6_3DMODEL_DIR}/Capacitor_SMD.3dshapes/C_0603_1608Metric.wrl
01-16 20:29:06 com_github_MitjaNemec_Archive3DModels.archive_3d_models 45:Getting 3D models for footprint of: C5
01-16 20:29:06 com_github_MitjaNemec_Archive3DModels.archive_3d_models 56:Trying to copy: ${KICAD6_3DMODEL_DIR}/Capacitor_SMD.3dshapes/C_0603_1608Metric.wrl
01-16 20:29:06 com_github_MitjaNemec_Archive3DModels.archive_3d_models 136:Remapping: ${KICAD6_3DMODEL_DIR}/Capacitor_SMD.3dshapes/C_0603_1608Metric.wrl
01-16 20:29:06 com_github_MitjaNemec_Archive3DModels.archive_3d_models 45:Getting 3D models for footprint of: R2
01-16 20:29:06 com_github_MitjaNemec_Archive3DModels.archive_3d_models 56:Trying to copy: ${KICAD6_3DMODEL_DIR}/Resistor_SMD.3dshapes/R_0603_1608Metric.wrl
01-16 20:29:06 com_github_MitjaNemec_Archive3DModels.archive_3d_models 136:Remapping: ${KICAD6_3DMODEL_DIR}/Resistor_SMD.3dshapes/R_0603_1608Metric.wrl
01-16 20:29:06 com_github_MitjaNemec_Archive3DModels.archive_3d_models 45:Getting 3D models for footprint of: HS1
01-16 20:29:06 com_github_MitjaNemec_Archive3DModels.archive_3d_models 56:Trying to copy: ${KICAD_USER_LIB}/3D Shapes/Heatsink.3dshapes/14x14x7 Heatsink.STEP
01-16 20:29:06 com_github_MitjaNemec_Archive3DModels.archive_3d_models 136:Remapping: ${KICAD_USER_LIB}/3D Shapes/Heatsink.3dshapes/14x14x7 Heatsink.STEP
01-16 20:29:06 com_github_MitjaNemec_Archive3DModels.archive_3d_models 45:Getting 3D models for footprint of: D8
01-16 20:29:06 com_github_MitjaNemec_Archive3DModels.archive_3d_models 56:Trying to copy: ${KICAD6_3DMODEL_DIR}/LED_SMD.3dshapes/LED_0603_1608Metric.wrl
01-16 20:29:06 com_github_MitjaNemec_Archive3DModels.archive_3d_models 136:Remapping: ${KICAD6_3DMODEL_DIR}/LED_SMD.3dshapes/LED_0603_1608Metric.wrl
01-16 20:29:06 com_github_MitjaNemec_Archive3DModels.archive_3d_models 45:Getting 3D models for footprint of: R6
01-16 20:29:06 com_github_MitjaNemec_Archive3DModels.archive_3d_models 56:Trying to copy: ${KICAD6_3DMODEL_DIR}/Resistor_SMD.3dshapes/R_0603_1608Metric.wrl
01-16 20:29:06 com_github_MitjaNemec_Archive3DModels.archive_3d_models 136:Remapping: ${KICAD6_3DMODEL_DIR}/Resistor_SMD.3dshapes/R_0603_1608Metric.wrl
01-16 20:29:06 com_github_MitjaNemec_Archive3DModels.archive_3d_models 45:Getting 3D models for footprint of: C10
01-16 20:29:06 com_github_MitjaNemec_Archive3DModels.archive_3d_models 56:Trying to copy: ${KICAD6_3DMODEL_DIR}/Capacitor_SMD.3dshapes/C_0603_1608Metric.wrl
01-16 20:29:06 com_github_MitjaNemec_Archive3DModels.archive_3d_models 136:Remapping: ${KICAD6_3DMODEL_DIR}/Capacitor_SMD.3dshapes/C_0603_1608Metric.wrl
01-16 20:29:06 com_github_MitjaNemec_Archive3DModels.archive_3d_models 45:Getting 3D models for footprint of: D3
01-16 20:29:06 com_github_MitjaNemec_Archive3DModels.archive_3d_models 56:Trying to copy: ${KICAD6_3DMODEL_DIR}/LED_SMD.3dshapes/LED_0603_1608Metric.wrl
01-16 20:29:06 com_github_MitjaNemec_Archive3DModels.archive_3d_models 136:Remapping: ${KICAD6_3DMODEL_DIR}/LED_SMD.3dshapes/LED_0603_1608Metric.wrl
01-16 20:29:06 com_github_MitjaNemec_Archive3DModels.archive_3d_models 45:Getting 3D models for footprint of: L1
01-16 20:29:06 com_github_MitjaNemec_Archive3DModels.archive_3d_models 56:Trying to copy: ${KICAD_USER_LIB}/3D Shapes/Inductors.3dshapes/PSM1365 Series SMD Molding inductor.STEP
01-16 20:29:06 com_github_MitjaNemec_Archive3DModels.archive_3d_models 136:Remapping: ${KICAD_USER_LIB}/3D Shapes/Inductors.3dshapes/PSM1365 Series SMD Molding inductor.STEP
01-16 20:29:06 com_github_MitjaNemec_Archive3DModels.archive_3d_models 56:Trying to copy: ${KIPRJMOD}/packages3D/PSM1365 Series SMD Molding inductor.STEP
01-16 20:29:06 com_github_MitjaNemec_Archive3DModels.archive_3d_models 136:Remapping: ${KIPRJMOD}/packages3D/PSM1365 Series SMD Molding inductor.STEP
01-16 20:29:06 com_github_MitjaNemec_Archive3DModels.archive_3d_models 45:Getting 3D models for footprint of: R13
01-16 20:29:06 com_github_MitjaNemec_Archive3DModels.archive_3d_models 56:Trying to copy: ${KICAD6_3DMODEL_DIR}/Resistor_SMD.3dshapes/R_0603_1608Metric.wrl
01-16 20:29:06 com_github_MitjaNemec_Archive3DModels.archive_3d_models 136:Remapping: ${KICAD6_3DMODEL_DIR}/Resistor_SMD.3dshapes/R_0603_1608Metric.wrl
01-16 20:29:06 com_github_MitjaNemec_Archive3DModels.archive_3d_models 45:Getting 3D models for footprint of: HS2
01-16 20:29:06 com_github_MitjaNemec_Archive3DModels.archive_3d_models 56:Trying to copy: ${KICAD_USER_LIB}/3D Shapes/Heatsink.3dshapes/14x14x7 Heatsink.STEP
01-16 20:29:06 com_github_MitjaNemec_Archive3DModels.archive_3d_models 136:Remapping: ${KICAD_USER_LIB}/3D Shapes/Heatsink.3dshapes/14x14x7 Heatsink.STEP
01-16 20:29:06 com_github_MitjaNemec_Archive3DModels.archive_3d_models 45:Getting 3D models for footprint of: J4
01-16 20:29:06 com_github_MitjaNemec_Archive3DModels.archive_3d_models 56:Trying to copy: ${KICAD_USER_LIB}/3D Shapes/Connectors.3dshapes/Screw Terminal 5.08mm & 5mm/DG127-5.0_5.08-xxp-14-00H/STEP/DG127-5.08-xxP (pitch 5.08mm)/DG127-5.08-02P-4Y-00AH.STEP
01-16 20:29:06 com_github_MitjaNemec_Archive3DModels.archive_3d_models 136:Remapping: ${KICAD_USER_LIB}/3D Shapes/Connectors.3dshapes/Screw Terminal 5.08mm & 5mm/DG127-5.0_5.08-xxp-14-00H/STEP/DG127-5.08-xxP (pitch 5.08mm)/DG127-5.08-02P-4Y-00AH.STEP
01-16 20:29:06 com_github_MitjaNemec_Archive3DModels.archive_3d_models 45:Getting 3D models for footprint of: R4
01-16 20:29:06 com_github_MitjaNemec_Archive3DModels.archive_3d_models 56:Trying to copy: ${KICAD6_3DMODEL_DIR}/Resistor_SMD.3dshapes/R_0603_1608Metric.wrl
01-16 20:29:06 com_github_MitjaNemec_Archive3DModels.archive_3d_models 136:Remapping: ${KICAD6_3DMODEL_DIR}/Resistor_SMD.3dshapes/R_0603_1608Metric.wrl
01-16 20:29:06 com_github_MitjaNemec_Archive3DModels.archive_3d_models 45:Getting 3D models for footprint of: R15
01-16 20:29:06 com_github_MitjaNemec_Archive3DModels.archive_3d_models 56:Trying to copy: ${KICAD6_3DMODEL_DIR}/Resistor_SMD.3dshapes/R_0603_1608Metric.wrl
01-16 20:29:06 com_github_MitjaNemec_Archive3DModels.archive_3d_models 136:Remapping: ${KICAD6_3DMODEL_DIR}/Resistor_SMD.3dshapes/R_0603_1608Metric.wrl
01-16 20:29:06 com_github_MitjaNemec_Archive3DModels.archive_3d_models 45:Getting 3D models for footprint of: H2
01-16 20:29:06 com_github_MitjaNemec_Archive3DModels.archive_3d_models 45:Getting 3D models for footprint of: C1
01-16 20:29:06 com_github_MitjaNemec_Archive3DModels.archive_3d_models 56:Trying to copy: ${KICAD6_3DMODEL_DIR}/Capacitor_SMD.3dshapes/C_0603_1608Metric.wrl
01-16 20:29:06 com_github_MitjaNemec_Archive3DModels.archive_3d_models 136:Remapping: ${KICAD6_3DMODEL_DIR}/Capacitor_SMD.3dshapes/C_0603_1608Metric.wrl
01-16 20:29:06 com_github_MitjaNemec_Archive3DModels.archive_3d_models 45:Getting 3D models for footprint of: U1
01-16 20:29:06 com_github_MitjaNemec_Archive3DModels.archive_3d_models 56:Trying to copy: ${KICAD_USER_LIB}/3D Shapes/Fuse.3dshapes/fuse 5x20 step.STEP
01-16 20:29:06 com_github_MitjaNemec_Archive3DModels.archive_3d_models 136:Remapping: ${KICAD_USER_LIB}/3D Shapes/Fuse.3dshapes/fuse 5x20 step.STEP
01-16 20:29:06 com_github_MitjaNemec_Archive3DModels.archive_3d_models 56:Trying to copy: ${KIPRJMOD}/packages3D/fuse 5x20 step.STEP
01-16 20:29:06 com_github_MitjaNemec_Archive3DModels.archive_3d_models 136:Remapping: ${KIPRJMOD}/packages3D/fuse 5x20 step.STEP
01-16 20:29:06 com_github_MitjaNemec_Archive3DModels.archive_3d_models 45:Getting 3D models for footprint of: C3
01-16 20:29:06 com_github_MitjaNemec_Archive3DModels.archive_3d_models 56:Trying to copy: ${KICAD6_3DMODEL_DIR}/Capacitor_SMD.3dshapes/C_0603_1608Metric.wrl
01-16 20:29:06 com_github_MitjaNemec_Archive3DModels.archive_3d_models 136:Remapping: ${KICAD6_3DMODEL_DIR}/Capacitor_SMD.3dshapes/C_0603_1608Metric.wrl
01-16 20:29:06 com_github_MitjaNemec_Archive3DModels.archive_3d_models 45:Getting 3D models for footprint of: C7
01-16 20:29:06 com_github_MitjaNemec_Archive3DModels.archive_3d_models 56:Trying to copy: ${KICAD6_3DMODEL_DIR}/Capacitor_SMD.3dshapes/C_0805_2012Metric.wrl
01-16 20:29:06 com_github_MitjaNemec_Archive3DModels.archive_3d_models 136:Remapping: ${KICAD6_3DMODEL_DIR}/Capacitor_SMD.3dshapes/C_0805_2012Metric.wrl
01-16 20:29:06 com_github_MitjaNemec_Archive3DModels.archive_3d_models 45:Getting 3D models for footprint of: R9
01-16 20:29:06 com_github_MitjaNemec_Archive3DModels.archive_3d_models 56:Trying to copy: ${KICAD6_3DMODEL_DIR}/Resistor_SMD.3dshapes/R_0603_1608Metric.wrl
01-16 20:29:06 com_github_MitjaNemec_Archive3DModels.archive_3d_models 136:Remapping: ${KICAD6_3DMODEL_DIR}/Resistor_SMD.3dshapes/R_0603_1608Metric.wrl
01-16 20:29:06 com_github_MitjaNemec_Archive3DModels.archive_3d_models 45:Getting 3D models for footprint of: L2
01-16 20:29:06 com_github_MitjaNemec_Archive3DModels.archive_3d_models 56:Trying to copy: ${KICAD_USER_LIB}/3D Shapes/Inductors.3dshapes/PSM1365 Series SMD Molding inductor.STEP
01-16 20:29:06 com_github_MitjaNemec_Archive3DModels.archive_3d_models 136:Remapping: ${KICAD_USER_LIB}/3D Shapes/Inductors.3dshapes/PSM1365 Series SMD Molding inductor.STEP
01-16 20:29:06 com_github_MitjaNemec_Archive3DModels.archive_3d_models 56:Trying to copy: ${KIPRJMOD}/packages3D/PSM1365 Series SMD Molding inductor.STEP
01-16 20:29:06 com_github_MitjaNemec_Archive3DModels.archive_3d_models 136:Remapping: ${KIPRJMOD}/packages3D/PSM1365 Series SMD Molding inductor.STEP
01-16 20:29:06 com_github_MitjaNemec_Archive3DModels.archive_3d_models 45:Getting 3D models for footprint of: D6
01-16 20:29:06 com_github_MitjaNemec_Archive3DModels.archive_3d_models 56:Trying to copy: ${KICAD6_3DMODEL_DIR}/LED_SMD.3dshapes/LED_0603_1608Metric.wrl
01-16 20:29:06 com_github_MitjaNemec_Archive3DModels.archive_3d_models 136:Remapping: ${KICAD6_3DMODEL_DIR}/LED_SMD.3dshapes/LED_0603_1608Metric.wrl
